time="2023-11-29T15:45:23+06:00" level=info msg="create router" func="main.main()" file="app.go:18"
time="2023-11-29T15:45:23+06:00" level=info msg="register handler" func="main.main()" file="app.go:21"
time="2023-11-29T15:45:23+06:00" level=info msg="start server" func="main.start()" file="app.go:30"
time="2023-11-29T15:46:47+06:00" level=info msg="create router" func="main.main()" file="app.go:18"
time="2023-11-29T15:46:47+06:00" level=info msg="register handler" func="main.main()" file="app.go:21"
time="2023-11-29T15:46:47+06:00" level=info msg="start server" func="main.start()" file="app.go:30"
time="2023-11-29T15:49:24+06:00" level=info msg="create router" func="main.main()" file="app.go:18"
time="2023-11-29T15:49:24+06:00" level=info msg="register handler" func="main.main()" file="app.go:21"
time="2023-11-29T15:49:24+06:00" level=info msg="start server" func="main.start()" file="app.go:30"
time="2023-11-29T15:53:04+06:00" level=info msg="create router" func="main.main()" file="app.go:18"
time="2023-11-29T15:53:04+06:00" level=info msg="register handler" func="main.main()" file="app.go:21"
time="2023-11-29T15:53:04+06:00" level=info msg="start server" func="main.start()" file="app.go:30"
time="2023-11-29T16:02:50+06:00" level=info msg="create router" func="main.main()" file="app.go:18"
time="2023-11-29T16:02:50+06:00" level=info msg="register handler" func="main.main()" file="app.go:21"
time="2023-11-29T16:02:50+06:00" level=info msg="start server" func="main.start()" file="app.go:30"
time="2023-11-30T16:36:15+06:00" level=info msg="create router" func="main.main()" file="app.go:24"
time="2023-11-30T16:36:15+06:00" level=info msg="read application configuration" func="REST/internal/configs.GetConfig.func1()" file="config.go:28"
time="2023-11-30T16:37:55+06:00" level=info msg="create router" func="main.main()" file="app.go:24"
time="2023-11-30T16:37:55+06:00" level=info msg="read application configuration" func="REST/internal/configs.GetConfig.func1()" file="config.go:28"
time="2023-11-30T16:37:58+06:00" level=info msg="create router" func="main.main()" file="app.go:24"
time="2023-11-30T16:37:58+06:00" level=info msg="read application configuration" func="REST/internal/configs.GetConfig.func1()" file="config.go:28"
time="2023-11-30T16:40:18+06:00" level=info msg="create router" func="main.main()" file="app.go:24"
time="2023-11-30T16:40:18+06:00" level=info msg="read application configuration" func="REST/internal/configs.GetConfig.func1()" file="config.go:28"
time="2023-11-30T16:43:34+06:00" level=info msg="create router" func="main.main()" file="app.go:24"
time="2023-11-30T16:43:34+06:00" level=info msg="read application configuration" func="REST/internal/configs.GetConfig.func1()" file="config.go:26"
time="2023-11-30T16:43:34+06:00" level=info func="REST/internal/configs.GetConfig.func1()" file="config.go:30"
time="2023-11-30T16:43:34+06:00" level=fatal msg="wrong type ptr" func="REST/internal/configs.GetConfig.func1()" file="config.go:31"
time="2023-11-30T16:44:34+06:00" level=info msg="create router" func="main.main()" file="app.go:24"
time="2023-11-30T16:44:34+06:00" level=info msg="read application configuration" func="REST/internal/configs.GetConfig.func1()" file="config.go:28"
time="2023-11-30T16:44:34+06:00" level=info func="REST/internal/configs.GetConfig.func1()" file="config.go:32"
time="2023-11-30T16:44:34+06:00" level=fatal msg="wrong type ptr" func="REST/internal/configs.GetConfig.func1()" file="config.go:33"
time="2023-11-30T18:09:58+06:00" level=info msg="create router" func="main.main()" file="app.go:24"
time="2023-11-30T18:09:58+06:00" level=info msg="read application configuration" func="REST/internal/configs.GetConfig.func1()" file="config.go:28"
time="2023-11-30T18:09:58+06:00" level=info func="REST/internal/configs.GetConfig.func1()" file="config.go:32"
time="2023-11-30T18:09:58+06:00" level=fatal msg="wrong type ptr" func="REST/internal/configs.GetConfig.func1()" file="config.go:33"
time="2023-11-30T18:10:12+06:00" level=info msg="create router" func="main.main()" file="app.go:24"
time="2023-11-30T18:10:12+06:00" level=info msg="read application configuration" func="REST/internal/configs.GetConfig.func1()" file="config.go:28"
time="2023-11-30T18:10:12+06:00" level=info func="REST/internal/configs.GetConfig.func1()" file="config.go:32"
time="2023-11-30T18:10:12+06:00" level=info msg="wrong type ptr" func="REST/internal/configs.GetConfig.func1()" file="config.go:33"
time="2023-11-30T18:10:12+06:00" level=info msg="register handler" func="main.main()" file="app.go:29"
time="2023-11-30T18:10:12+06:00" level=info msg="start server" func="main.start()" file="app.go:38"
time="2023-11-30T18:10:12+06:00" level=info msg="listener tcp " func="main.start()" file="app.go:55"
time="2023-11-30T18:10:12+06:00" level=info msg="server is listening port: 0.0.0.0:10000" func="main.start()" file="app.go:67"
time="2023-11-30T18:12:01+06:00" level=info msg="create router" func="main.main()" file="app.go:24"
time="2023-11-30T18:12:01+06:00" level=info msg="read application configuration" func="REST/internal/configs.GetConfig.func1()" file="config.go:28"
time="2023-11-30T18:12:01+06:00" level=info func="REST/internal/configs.GetConfig.func1()" file="config.go:32"
time="2023-11-30T18:12:01+06:00" level=fatal msg="wrong type ptr" func="REST/internal/configs.GetConfig.func1()" file="config.go:33"
time="2023-11-30T18:13:07+06:00" level=info msg="create router" func="main.main()" file="app.go:24"
time="2023-11-30T18:13:07+06:00" level=info msg="read application configuration" func="REST/internal/configs.GetConfig.func1()" file="config.go:28"
time="2023-11-30T18:13:07+06:00" level=info func="REST/internal/configs.GetConfig.func1()" file="config.go:32"
time="2023-11-30T18:13:07+06:00" level=fatal msg="error:  wrong type ptr" func="REST/internal/configs.GetConfig.func1()" file="config.go:33"
time="2023-11-30T18:14:34+06:00" level=info msg="create router" func="main.main()" file="app.go:24"
time="2023-11-30T18:14:34+06:00" level=info msg="read application configuration" func="REST/internal/configs.GetConfig.func1()" file="config.go:28"
time="2023-11-30T18:14:34+06:00" level=info func="REST/internal/configs.GetConfig.func1()" file="config.go:32"
time="2023-11-30T18:14:34+06:00" level=fatal msg="error:  wrong type ptr" func="REST/internal/configs.GetConfig.func1()" file="config.go:33"
time="2023-11-30T18:15:28+06:00" level=info msg="create router" func="main.main()" file="app.go:24"
time="2023-11-30T18:15:28+06:00" level=info msg="read application configuration" func="REST/internal/configs.GetConfig.func1()" file="config.go:26"
time="2023-11-30T18:15:28+06:00" level=info func="REST/internal/configs.GetConfig.func1()" file="config.go:30"
time="2023-11-30T18:15:28+06:00" level=fatal msg="error:  wrong type ptr" func="REST/internal/configs.GetConfig.func1()" file="config.go:31"
time="2023-11-30T18:16:24+06:00" level=info msg="create router" func="main.main()" file="app.go:24"
time="2023-11-30T18:16:24+06:00" level=info msg="read application configuration" func="REST/internal/configs.GetConfig.func1()" file="config.go:28"
time="2023-11-30T18:16:24+06:00" level=info func="REST/internal/configs.GetConfig.func1()" file="config.go:32"
time="2023-11-30T18:16:24+06:00" level=fatal msg="error:  wrong type ptr" func="REST/internal/configs.GetConfig.func1()" file="config.go:33"
time="2023-11-30T18:17:04+06:00" level=info msg="create router" func="main.main()" file="app.go:24"
time="2023-11-30T18:17:04+06:00" level=info msg="read application configuration" func="REST/internal/configs.GetConfig.func1()" file="config.go:28"
time="2023-11-30T18:17:04+06:00" level=info msg="register handler" func="main.main()" file="app.go:29"
time="2023-11-30T18:17:04+06:00" level=info msg="start server" func="main.start()" file="app.go:38"
time="2023-11-30T18:17:04+06:00" level=info msg="listener tcp " func="main.start()" file="app.go:55"
time="2023-11-30T18:17:04+06:00" level=info msg="server is listening port: 0.0.0.0:10000" func="main.start()" file="app.go:67"
time="2023-11-30T18:19:09+06:00" level=info msg="create router" func="main.main()" file="app.go:24"
time="2023-11-30T18:19:09+06:00" level=info msg="read application configuration" func="REST/internal/configs.GetConfig.func1()" file="config.go:28"
time="2023-11-30T18:19:09+06:00" level=info msg="register handler" func="main.main()" file="app.go:29"
time="2023-11-30T18:19:09+06:00" level=info msg="start server" func="main.start()" file="app.go:38"
time="2023-11-30T18:19:09+06:00" level=info msg="listener tcp " func="main.start()" file="app.go:55"
time="2023-11-30T18:19:09+06:00" level=info msg="server is listening port: 0.0.0.0:10000" func="main.start()" file="app.go:67"
time="2023-11-30T18:44:34+06:00" level=info msg="create router" func="main.main()" file="app.go:24"
time="2023-11-30T18:44:34+06:00" level=info msg="read application configuration" func="REST/internal/configs.GetConfig.func1()" file="config.go:28"
time="2023-11-30T18:44:34+06:00" level=info msg="register handler" func="main.main()" file="app.go:29"
time="2023-11-30T18:44:34+06:00" level=info msg="start server" func="main.start()" file="app.go:38"
time="2023-11-30T18:44:34+06:00" level=info msg="create socket" func="main.start()" file="app.go:45"
time="2023-11-30T18:44:34+06:00" level=debug msg="socket path: /Users/ali/Library/Caches/JetBrains/GoLand2023.2/tmp/GoLand/app.sock" func="main.start()" file="app.go:47"
time="2023-11-30T18:44:34+06:00" level=info msg="create unix socket " func="main.start()" file="app.go:49"
time="2023-11-30T18:44:34+06:00" level=info msg="server is listening port: :" func="main.start()" file="app.go:67"
time="2023-11-30T18:47:38+06:00" level=info msg="create router" func="main.main()" file="app.go:24"
time="2023-11-30T18:47:38+06:00" level=info msg="read application configuration" func="REST/internal/configs.GetConfig.func1()" file="config.go:28"
time="2023-11-30T18:47:38+06:00" level=info msg="register handler" func="main.main()" file="app.go:29"
time="2023-11-30T18:47:38+06:00" level=info msg="start server" func="main.start()" file="app.go:38"
time="2023-11-30T18:47:38+06:00" level=info msg="create socket" func="main.start()" file="app.go:45"
time="2023-11-30T18:47:38+06:00" level=debug msg="socket path: /Users/ali/GoProject/REST/build/app.sock" func="main.start()" file="app.go:47"
time="2023-11-30T18:47:38+06:00" level=info msg="create unix socket " func="main.start()" file="app.go:49"
time="2023-11-30T18:47:38+06:00" level=info msg="server is listening port: :" func="main.start()" file="app.go:67"
time="2023-11-30T18:48:29+06:00" level=info msg="create router" func="main.main()" file="app.go:24"
time="2023-11-30T18:48:29+06:00" level=info msg="read application configuration" func="REST/internal/configs.GetConfig.func1()" file="config.go:28"
time="2023-11-30T18:48:29+06:00" level=info msg="register handler" func="main.main()" file="app.go:29"
time="2023-11-30T18:48:29+06:00" level=info msg="start server" func="main.start()" file="app.go:38"
time="2023-11-30T18:48:29+06:00" level=info msg="create socket" func="main.start()" file="app.go:45"
time="2023-11-30T18:48:29+06:00" level=debug msg="socket path: /Users/ali/GoProject/REST/build/app.sock" func="main.start()" file="app.go:47"
time="2023-11-30T18:48:29+06:00" level=info msg="create unix socket " func="main.start()" file="app.go:49"
time="2023-11-30T18:48:29+06:00" level=fatal msg="listen unix /Users/ali/GoProject/REST/build/app.sock: bind: address already in use" func="main.start()" file="app.go:52"
time="2023-11-30T18:49:59+06:00" level=info msg="create router" func="main.main()" file="app.go:24"
time="2023-11-30T18:49:59+06:00" level=info msg="read application configuration" func="REST/internal/configs.GetConfig.func1()" file="config.go:28"
time="2023-11-30T18:49:59+06:00" level=info msg="register handler" func="main.main()" file="app.go:29"
time="2023-11-30T18:49:59+06:00" level=info msg="start server" func="main.start()" file="app.go:38"
time="2023-11-30T18:49:59+06:00" level=info msg="create socket" func="main.start()" file="app.go:45"
time="2023-11-30T18:49:59+06:00" level=debug msg="socket path: /Users/ali/Library/Caches/JetBrains/GoLand2023.2/tmp/GoLand/app.sock" func="main.start()" file="app.go:47"
time="2023-11-30T18:49:59+06:00" level=info msg="create unix socket " func="main.start()" file="app.go:49"
time="2023-11-30T18:49:59+06:00" level=fatal msg="listen unix /Users/ali/Library/Caches/JetBrains/GoLand2023.2/tmp/GoLand/app.sock: bind: address already in use" func="main.start()" file="app.go:52"
time="2023-11-30T18:50:13+06:00" level=info msg="create router" func="main.main()" file="app.go:24"
time="2023-11-30T18:50:13+06:00" level=info msg="read application configuration" func="REST/internal/configs.GetConfig.func1()" file="config.go:28"
time="2023-11-30T18:50:13+06:00" level=info msg="register handler" func="main.main()" file="app.go:29"
time="2023-11-30T18:50:13+06:00" level=info msg="start server" func="main.start()" file="app.go:38"
time="2023-11-30T18:50:13+06:00" level=info msg="create socket" func="main.start()" file="app.go:45"
time="2023-11-30T18:50:13+06:00" level=debug msg="socket path: /Users/ali/Library/Caches/JetBrains/GoLand2023.2/tmp/GoLand/app.sock" func="main.start()" file="app.go:47"
time="2023-11-30T18:50:13+06:00" level=info msg="create unix socket " func="main.start()" file="app.go:49"
time="2023-11-30T18:50:13+06:00" level=fatal msg="listen unix /Users/ali/Library/Caches/JetBrains/GoLand2023.2/tmp/GoLand/app.sock: bind: address already in use" func="main.start()" file="app.go:52"
time="2023-11-30T18:50:39+06:00" level=info msg="create router" func="main.main()" file="app.go:24"
time="2023-11-30T18:50:39+06:00" level=info msg="read application configuration" func="REST/internal/configs.GetConfig.func1()" file="config.go:28"
time="2023-11-30T18:50:39+06:00" level=info msg="register handler" func="main.main()" file="app.go:29"
time="2023-11-30T18:50:39+06:00" level=info msg="start server" func="main.start()" file="app.go:38"
time="2023-11-30T18:50:39+06:00" level=info msg="create socket" func="main.start()" file="app.go:45"
time="2023-11-30T18:50:39+06:00" level=debug msg="socket path: /Users/ali/GoProject/REST/build/app.sock" func="main.start()" file="app.go:47"
time="2023-11-30T18:50:39+06:00" level=info msg="create unix socket " func="main.start()" file="app.go:49"
time="2023-11-30T18:50:39+06:00" level=fatal msg="listen unix /Users/ali/GoProject/REST/build/app.sock: bind: address already in use" func="main.start()" file="app.go:52"
time="2023-11-30T18:56:13+06:00" level=info msg="create router" func="main.main()" file="app.go:24"
time="2023-11-30T18:56:13+06:00" level=info msg="read application configuration" func="REST/internal/configs.GetConfig.func1()" file="config.go:28"
time="2023-11-30T18:56:13+06:00" level=info msg="register handler" func="main.main()" file="app.go:29"
time="2023-11-30T18:56:13+06:00" level=info msg="start server" func="main.start()" file="app.go:38"
time="2023-11-30T18:56:13+06:00" level=info msg="listener tcp " func="main.start()" file="app.go:55"
time="2023-11-30T18:56:13+06:00" level=info msg="server is listening port: 0.0.0.0:10000" func="main.start()" file="app.go:67"
time="2023-11-30T19:16:34+06:00" level=info msg="create router" func="main.main()" file="app.go:26"
time="2023-11-30T19:16:34+06:00" level=info msg="read application configuration" func="REST/internal/configs.GetConfig.func1()" file="config.go:28"
time="2023-11-30T19:16:34+06:00" level=info msg="register handler" func="main.main()" file="app.go:31"
time="2023-11-30T19:16:34+06:00" level=info msg="start server" func="main.start()" file="app.go:40"
time="2023-11-30T19:16:34+06:00" level=info msg="listener tcp " func="main.start()" file="app.go:57"
time="2023-11-30T19:16:34+06:00" level=info msg="server is listening port: 0.0.0.0:10000" func="main.start()" file="app.go:69"
time="2024-01-11T16:17:06+06:00" level=info msg="create router" func="main.main()" file="app.go:29"
time="2024-01-11T16:17:06+06:00" level=info msg="read application configuration" func="REST/internal/configs.GetConfig.func1()" file="config.go:39"
time="2024-01-11T16:19:05+06:00" level=info msg="create router" func="main.main()" file="app.go:29"
time="2024-01-11T16:19:05+06:00" level=info msg="read application configuration" func="REST/internal/configs.GetConfig.func1()" file="config.go:39"
time="2024-01-11T16:21:03+06:00" level=info msg="create router" func="main.main()" file="app.go:29"
time="2024-01-11T16:21:03+06:00" level=info msg="read application configuration" func="REST/internal/configs.GetConfig.func1()" file="config.go:39"
time="2024-01-11T16:25:02+06:00" level=info msg="create router" func="main.main()" file="app.go:29"
time="2024-01-11T16:25:02+06:00" level=info msg="read application configuration" func="REST/internal/configs.GetConfig.func1()" file="config.go:39"
time="2024-01-11T16:28:04+06:00" level=info msg="create router" func="main.main()" file="app.go:29"
time="2024-01-11T16:28:04+06:00" level=info msg="read application configuration" func="REST/internal/configs.GetConfig.func1()" file="config.go:39"
time="2024-01-11T16:30:07+06:00" level=info msg="create router" func="main.main()" file="app.go:29"
time="2024-01-11T16:30:07+06:00" level=info msg="read application configuration" func="REST/internal/configs.GetConfig.func1()" file="config.go:39"
time="2024-01-12T13:52:27+06:00" level=info msg="create router" func="main.main()" file="app.go:29"
time="2024-01-12T13:52:27+06:00" level=info msg="read application configuration" func="REST/internal/configs.GetConfig.func1()" file="config.go:41"
time="2024-01-19T20:59:18+06:00" level=info msg="create router" func="main.main()" file="app.go:30"
time="2024-01-19T20:59:18+06:00" level=info msg="read application configuration" func="REST/internal/configs.GetConfig.func1()" file="config.go:41"
